[01m[K/root/catkin_ws/src/localization/src/localizer_node.cpp:[m[K In member function â€˜[01m[KEigen::Matrix4f Localizer::align_map(pcl::PointCloud<pcl::PointXYZI>::Ptr)[m[Kâ€™:
[01m[K/root/catkin_ws/src/localization/src/localizer_node.cpp:284:37:[m[K [01;31m[Kerror: [m[Kâ€˜[01m[Kinitial_guess[m[Kâ€™ was not declared in this scope; did you mean â€˜[01m[Kinit_guess[m[Kâ€™?
  284 |     transform.setOrigin(tf::Vector3([01;31m[Kinitial_guess[m[K(0,3),initial_guess(1,3),initial_guess(2,3)));
      |                                     [01;31m[K^~~~~~~~~~~~~[m[K
      |                                     [32m[Kinit_guess[m[K
make[2]: *** [CMakeFiles/localizer.dir/build.make:63: CMakeFiles/localizer.dir/src/localizer_node.cpp.o] Error 1
make[1]: *** [CMakeFiles/Makefile2:2056: CMakeFiles/localizer.dir/all] Error 2
make: *** [Makefile:141: all] Error 2
