[35m[1mScanning dependencies of target localizer[0m
[ 50%] Built target pub_map
[ 75%] [32mBuilding CXX object CMakeFiles/localizer.dir/src/localizer_node.cpp.o[0m
[01m[K/root/catkin_ws/src/localization/src/localizer_node.cpp:[m[K In constructor â€˜[01m[KLocalizer::Localizer(ros::NodeHandle)[m[Kâ€™:
[01m[K/root/catkin_ws/src/localization/src/localizer_node.cpp:84:5:[m[K [01;31m[Kerror: [m[Kâ€˜[01m[Kpub_test[m[Kâ€™ was not declared in this scope
   84 |     [01;31m[Kpub_test[m[K = _nh.advertise<sensor_msgs::PointCloud2>("/test_points", 1);
      |     [01;31m[K^~~~~~~~[m[K
[01m[K/root/catkin_ws/src/localization/src/localizer_node.cpp:[m[K In member function â€˜[01m[KEigen::Matrix4f Localizer::align_map(pcl::PointCloud<pcl::PointXYZI>::Ptr)[m[Kâ€™:
[01m[K/root/catkin_ws/src/localization/src/localizer_node.cpp:273:43:[m[K [01;31m[Kerror: [m[Kâ€˜[01m[Ktest_msg[m[Kâ€™ was not declared in this scope
  273 |     pcl::toROSMsg(*transformed_scan_ptr, *[01;31m[Ktest_msg[m[K);
      |                                           [01;31m[K^~~~~~~~[m[K
[01m[K/root/catkin_ws/src/localization/src/localizer_node.cpp:275:5:[m[K [01;31m[Kerror: [m[Kâ€˜[01m[Kpub_test[m[Kâ€™ was not declared in this scope
  275 |     [01;31m[Kpub_test[m[K.publish(test_msg);
      |     [01;31m[K^~~~~~~~[m[K
make[2]: *** [CMakeFiles/localizer.dir/build.make:63: CMakeFiles/localizer.dir/src/localizer_node.cpp.o] Error 1
make[1]: *** [CMakeFiles/Makefile2:2056: CMakeFiles/localizer.dir/all] Error 2
make: *** [Makefile:141: all] Error 2
